2024-1-3 20:04:13 - log: Load engine in D:\CocosCreator\Creator\3.8.1\resources\resources\3d\engine
2024-1-3 20:04:14 - log: Profile changed: engine (modules.includeModules: 2d,animation,audio,base,dragon-bones,gfx-webgl,intersection-2d,light-probe,marionette,particle-2d,physics-2d-box2d,profiler,skeletal-animation,spine,tiled-map,tween,ui,video,websocket,webview)
2024-1-3 20:04:14 - log: Register native engine in D:\CocosCreator\Creator\3.8.1\resources\resources\3d\engine\native
2024-1-3 20:04:22 - info: [PreviewInEditor] preview process is ready
2024-1-3 20:10:01 - warn: [Scene] Set property failed: a6cFtertNCuq6cAX249glj does not existError: [Scene] Set property failed: a6cFtertNCuq6cAX249glj does not exist
    at NodeManager.setProperty (D:\CocosCreator\Creator\3.8.1\resources\app.asar\builtin\scene\dist\script\3d\manager\node\index.ccc:1:8267)
    at PrefabSceneFacade.setNodeProperty (D:\CocosCreator\Creator\3.8.1\resources\app.asar\builtin\scene\dist\script\3d\facade\prefab-scene-facade.ccc:1:1731)
    at SceneFacadeManager.setNodeProperty (D:\CocosCreator\Creator\3.8.1\resources\app.asar\builtin\scene\dist\script\3d\facade\scene-facade-manager.ccc:1:10379)
    at step (D:\CocosCreator\Creator\3.8.1\resources\app.asar\builtin\scene\dist\script\3d\manager\ipc\web\ipc.ccc:1:748)
    at D:\CocosCreator\Creator\3.8.1\resources\app.asar\builtin\scene\dist\script\3d\manager\ipc\web\ipc.ccc:1:1617
    at new Promise (<anonymous>)
    at D:\CocosCreator\Creator\3.8.1\resources\app.asar\builtin\scene\dist\script\3d\manager\ipc\web\ipc.ccc:1:1554
2024-1-3 20:10:01 - error: [Window] panel.throttleUpdate is not a functionTypeError: panel.throttleUpdate is not a function
    at Object.set [as readyToUpdate] (D:\CocosCreator\Creator\3.8.1\resources\resources\3d\engine\editor\inspector\contributions\node.js:594:35)
    at Object.change-dump (D:\CocosCreator\Creator\3.8.1\resources\resources\3d\engine\editor\inspector\contributions\node.js:168:33)
2024-1-3 20:49:34 - info: [PreviewInEditor] [PHYSICS]: using builtin.
2024-1-3 20:49:34 - log: [PreviewInEditor] Cocos Creator v3.8.1
2024-1-3 20:49:34 - info: [PreviewInEditor] Forward render pipeline initialized.
2024-1-3 20:49:34 - log: [PreviewInEditor] [PHYSICS2D]: switch from box2d-wasm to box2d.
2024-1-3 20:49:37 - log: [PreviewInEditor] L7021F721321351d51b91bd17c11c1191591M1134
2024-1-3 20:58:26 - info: [PreviewInEditor] preview process is ready
2024-1-3 21:05:50 - error: Error occurred in handler for 'GUEST_VIEW_MANAGER_CALL': Error: Invalid guestInstanceId: 6
    at getGuestForWebContents (electron/js2c/browser_init.js:181:6307)
    at electron/js2c/browser_init.js:181:5372
    at electron/js2c/browser_init.js:181:1637
    at electron/js2c/browser_init.js:197:579
    at Object.<anonymous> (electron/js2c/browser_init.js:161:9782)
    at Object.emit (events.js:315:20)
    at Object.emit (domain.js:467:12)
