2021-12-27 22:11:23-log: [Package] menu@1.0.0 enable
2021-12-27 22:11:23-log: [Package] profile@1.0.0 enable
2021-12-27 22:11:23-log: [Package] messages@1.0.0 enable
2021-12-27 22:11:23-log: [Package] program@1.0.0 enable
2021-12-27 22:11:23-log: [Package] device@1.0.1 enable
2021-12-27 22:11:23-log: [Package] ui-kit@1.0.1 enable
2021-12-27 22:11:23-log: [Package] tester@1.0.0 enable
2021-12-27 22:11:23-log: [Package] preferences@1.0.0 enable
2021-12-27 22:11:24-log: Setup mods mgr.: 342.645ms
2021-12-27 22:11:24-log: [Package] engine@1.0.5 enable
2021-12-27 22:11:27-log: [Package] programming@1.0.0 enable
2021-12-27 22:11:27-log: [Package] asset-db@1.0.0 enable
2021-12-27 22:11:27-log: [Package] console@1.0.0 enable
2021-12-27 22:11:28-log: [Package] scene@1.0.0 enable
2021-12-27 22:11:28-log: [Package] project@1.0.1 enable
2021-12-27 22:11:28-log: [Package] about@1.0.0 enable
2021-12-27 22:11:28-log: [Package] server@1.0.0 enable
2021-12-27 22:11:28-log: [Package] utils@1.0.0 enable
2021-12-27 22:11:28-log: [Package] assets@1.0.0 enable
2021-12-27 22:11:28-log: [Package] inspector@1.0.0 enable
2021-12-27 22:11:28-log: [Package] hierarchy@1.0.0 enable
2021-12-27 22:11:30-log: [Package] preview@1.0.1 enable
2021-12-27 22:11:30-log: [Package] animator@1.0.0 enable
2021-12-27 22:11:31-log: [Package] builder@1.2.9 enable
2021-12-27 22:11:31-log: [Package] node-library@1.0.0 enable
2021-12-27 22:11:31-log: [Package] shortcuts@1.0.1 enable
2021-12-27 22:11:31-log: [Package] package-asset@1.0.0 enable
2021-12-27 22:11:31-log: [Package] reference-image@1.0.0 enable
2021-12-27 22:11:31-log: [Package] channel-upload-tools@1.0.0 enable
2021-12-27 22:11:31-log: [Package] runtime-dev-tools@1.0.0 enable
2021-12-27 22:11:32-log: [Package] alipay-mini-game@1.0.0 enable
2021-12-27 22:11:32-log: [Package] android@1.0.0 enable
2021-12-27 22:11:32-log: [Package] baidu-mini-game@1.0.0 enable
2021-12-27 22:11:32-log: [Package] bytedance-mini-game@1.0.1 enable
2021-12-27 22:11:32-log: [Package] huawei-agc@1.0.0 enable
2021-12-27 22:11:32-log: [Package] ios@1.0.0 enable
2021-12-27 22:11:32-log: [Package] ios-app-clip@1.0.0 enable
2021-12-27 22:11:32-log: [Package] mac@1.0.0 enable
2021-12-27 22:11:32-log: [Package] native@1.0.0 enable
2021-12-27 22:11:32-log: [Package] ohos@1.0.0 enable
2021-12-27 22:11:32-log: [Package] web-desktop@1.0.0 enable
2021-12-27 22:11:32-log: [Package] web-mobile@1.0.0 enable
2021-12-27 22:11:32-log: [Package] wechatgame@1.0.1 enable
2021-12-27 22:11:32-log: [Package] windows@1.0.0 enable
2021-12-27 22:11:32-log: [Package] xiaomi-quick-game@1.0.0 enable
2021-12-27 22:11:32-log: [Package] cocos-play@1.0.0 enable
2021-12-27 22:11:32-log: [Package] huawei-quick-game@1.0.0 enable
2021-12-27 22:11:32-log: [Package] link-sure@1.0.0 enable
2021-12-27 22:11:32-log: [Package] oppo-mini-game@1.0.0 enable
2021-12-27 22:11:33-log: [Package] qtt@1.0.0 enable
2021-12-27 22:11:33-log: [Package] vivo-mini-game@1.0.0 enable
2021-12-27 22:11:33-log: [Package] cocos-service@3.0.1 enable
2021-12-27 22:11:33-log: [Package] importer@1.0.0 enable
2021-12-27 22:11:34-log: [Package] extension@3.0.10 enable
2021-12-27 22:11:34-log: [Im-plugin] Check im-plugin version.
2021-12-27 22:11:34-log: [Package] im-plugin@3.0.7 enable
2021-12-27 22:11:34-log: [Package] lightmap@1.0.3 enable
2021-12-27 22:11:35-log: [Im-plugin] No online info of im-plugin.
2021-12-27 22:11:39-log: [Scene] begin init
2021-12-27 22:11:39-log: [Scene] require engine end
2021-12-27 22:11:39-log: [Scene] Serialize end
2021-12-27 22:11:39-log: [Scene] configureStartup end
2021-12-27 22:11:39-info: [Scene] WebGL2 device initialized.
2021-12-27 22:11:39-log: [Scene] Cocos Creator v3.3.2
2021-12-27 22:11:39-info: [Scene] Forward render pipeline initialized.
2021-12-27 22:11:40-log: [Scene] openEngine end
2021-12-27 22:11:40-log: [Scene] configureEngine end
2021-12-27 23:03:52-log: 23:03:52 [DEBUG]: SCREEN DPI = 96, SCREEN SCALE = 1.00
23:03:52 [DEBUG]: WORKAREA WIDTH 1358.00, HEIGHT 717.00
23:03:52 [DEBUG]: FRAME SCALE = 1.00
23:03:52 [INFO]: In the default constructor of Map!
23:03:52 [DEBUG]: Project Config:
23:03:52 [DEBUG]:     project dir: C:\Softwares\CocosDashboard_1.0.20\resources\.editors\Creator\3.3.2\resources\resources\3d\engine-native\simulator\Debug\
23:03:52 [DEBUG]:     writable path: $(PROJDIR)\
23:03:52 [DEBUG]:     script file: $(PROJDIR)\main.js
23:03:52 [DEBUG]:     frame size: 667 x 375
23:03:52 [DEBUG]:     frame scale: 1.00
23:03:52 [DEBUG]:     show console: NO
23:03:52 [DEBUG]:     write debug log: NO ()
23:03:52 [DEBUG]:     listen: 
23:03:52 [DEBUG]:     debugger: none
23:03:52 [DEBUG]:     add searching path:
23:03:52 [DEBUG]: 


23:03:52 [DEBUG]: [WARNING]:not find lang
D/jswrapper (455): Initializing V8, version: 8.0.426.16

2021-12-27 23:03:52-log: D/jswrapper (793): libuv version: 1.13.1

2021-12-27 23:03:52-log: Number of interfaces: 4
D/jswrapper (140): Debugger listening..., visit [
D/jswrapper (143):     devtools://devtools/bundled/js_app.html?v8only=true&ws=127.0.0.1:5086/00010002-0003-4004-8005-000600070008
D/jswrapper (143):     devtools://devtools/bundled/js_app.html?v8only=true&ws=192.168.199.141:5086/00010002-0003-4004-8005-000600070008
D/jswrapper (145):   ] in chrome browser to debug!

2021-12-27 23:03:52-log: D/jswrapper (149): For help see https://nodejs.org/en/docs/inspector

2021-12-27 23:03:53-info: [Window] Download the Vue Devtools extension for a better development experience:
https://github.com/vuejs/vue-devtools
2021-12-27 23:03:53-info: [Window] You are running Vue in development mode.
Make sure to turn on production mode when deploying for production.
See more tips at https://vuejs.org/guide/deployment.html
2021-12-27 23:03:54-log: D/jswrapper (422): Debugger attached.

2021-12-27 23:04:57-log: 23:04:57 [DEBUG]: SCREEN DPI = 96, SCREEN SCALE = 1.00
23:04:57 [DEBUG]: WORKAREA WIDTH 1358.00, HEIGHT 717.00
23:04:57 [DEBUG]: FRAME SCALE = 1.00
23:04:57 [INFO]: In the default constructor of Map!
23:04:57 [DEBUG]: Project Config:
23:04:57 [DEBUG]:     project dir: C:\Softwares\CocosDashboard_1.0.20\resources\.editors\Creator\3.3.2\resources\resources\3d\engine-native\simulator\Debug\
23:04:57 [DEBUG]:     writable path: $(PROJDIR)\
23:04:57 [DEBUG]:     script file: $(PROJDIR)\main.js
23:04:57 [DEBUG]:     frame size: 812 x 375
23:04:57 [DEBUG]:     frame scale: 1.00
23:04:57 [DEBUG]:     show console: NO
23:04:57 [DEBUG]:     write debug log: NO ()
23:04:57 [DEBUG]:     listen: 
23:04:57 [DEBUG]:     debugger: none
23:04:57 [DEBUG]:     add searching path:
23:04:57 [DEBUG]: 


23:04:57 [DEBUG]: [WARNING]:not find lang
D/jswrapper (455): Initializing V8, version: 8.0.426.16

2021-12-27 23:04:57-log: D/jswrapper (793): libuv version: 1.13.1

2021-12-27 23:04:57-log: Number of interfaces: 4
D/jswrapper (140): Debugger listening..., visit [
D/jswrapper (143):     devtools://devtools/bundled/js_app.html?v8only=true&ws=127.0.0.1:5086/00010002-0003-4004-8005-000600070008
D/jswrapper (143):     devtools://devtools/bundled/js_app.html?v8only=true&ws=192.168.199.141:5086/00010002-0003-4004-8005-000600070008
D/jswrapper (145):   ] in chrome browser to debug!
D/jswrapper (149): For help see https://nodejs.org/en/docs/inspector

2021-12-27 23:04:58-info: [Window] Download the Vue Devtools extension for a better development experience:
https://github.com/vuejs/vue-devtools
2021-12-27 23:04:58-info: [Window] You are running Vue in development mode.
Make sure to turn on production mode when deploying for production.
See more tips at https://vuejs.org/guide/deployment.html
2021-12-27 23:04:59-log: D/jswrapper (422): Debugger attached.

2021-12-27 23:05:00-info: [Window] Download the Vue Devtools extension for a better development experience:
https://github.com/vuejs/vue-devtools
2021-12-27 23:05:00-info: [Window] You are running Vue in development mode.
Make sure to turn on production mode when deploying for production.
See more tips at https://vuejs.org/guide/deployment.html
2021-12-27 23:06:20-log: 23:06:20 [DEBUG]: SCREEN DPI = 96, SCREEN SCALE = 1.00
23:06:20 [DEBUG]: WORKAREA WIDTH 1358.00, HEIGHT 717.00
23:06:20 [DEBUG]: FRAME SCALE = 1.00
23:06:20 [INFO]: In the default constructor of Map!
23:06:20 [DEBUG]: Project Config:
23:06:20 [DEBUG]:     project dir: C:\Softwares\CocosDashboard_1.0.20\resources\.editors\Creator\3.3.2\resources\resources\3d\engine-native\simulator\Debug\
23:06:20 [DEBUG]:     writable path: $(PROJDIR)\
23:06:20 [DEBUG]:     script file: $(PROJDIR)\main.js
23:06:20 [DEBUG]:     frame size: 812 x 375
23:06:20 [DEBUG]:     frame scale: 1.00
23:06:20 [DEBUG]:     show console: NO
23:06:20 [DEBUG]:     write debug log: NO ()
23:06:20 [DEBUG]:     listen: 
23:06:20 [DEBUG]:     debugger: none
23:06:20 [DEBUG]:     add searching path:
23:06:20 [DEBUG]: 


23:06:20 [DEBUG]: [WARNING]:not find lang
D/jswrapper (455): Initializing V8, version: 8.0.426.16

2021-12-27 23:06:20-log: D/jswrapper (793): libuv version: 1.13.1

2021-12-27 23:06:20-log: Number of interfaces: 4
D/jswrapper (140): Debugger listening..., visit [
D/jswrapper (143):     devtools://devtools/bundled/js_app.html?v8only=true&ws=127.0.0.1:5086/00010002-0003-4004-8005-000600070008
D/jswrapper (143):     devtools://devtools/bundled/js_app.html?v8only=true&ws=192.168.199.141:5086/00010002-0003-4004-8005-000600070008
D/jswrapper (145):   ] in chrome browser to debug!

2021-12-27 23:06:20-log: D/jswrapper (149): For help see https://nodejs.org/en/docs/inspector

2021-12-27 23:06:23-info: [Window] Download the Vue Devtools extension for a better development experience:
https://github.com/vuejs/vue-devtools
2021-12-27 23:06:23-info: [Window] You are running Vue in development mode.
Make sure to turn on production mode when deploying for production.
See more tips at https://vuejs.org/guide/deployment.html
2021-12-27 23:06:24-log: D/jswrapper (422): Debugger attached.

2021-12-27 23:06:31-log: 23:06:31 [DEBUG]: SCREEN DPI = 96, SCREEN SCALE = 1.00
23:06:31 [DEBUG]: WORKAREA WIDTH 1358.00, HEIGHT 717.00
23:06:31 [DEBUG]: FRAME SCALE = 0.75
23:06:31 [INFO]: In the default constructor of Map!
23:06:31 [DEBUG]: Project Config:
23:06:31 [DEBUG]:     project dir: C:\Softwares\CocosDashboard_1.0.20\resources\.editors\Creator\3.3.2\resources\resources\3d\engine-native\simulator\Debug\
23:06:31 [DEBUG]:     writable path: $(PROJDIR)\
23:06:31 [DEBUG]:     script file: $(PROJDIR)\main.js
23:06:31 [DEBUG]:     frame size: 375 x 812
23:06:31 [DEBUG]:     frame scale: 0.75
23:06:31 [DEBUG]:     show console: NO
23:06:31 [DEBUG]:     write debug log: NO ()
23:06:31 [DEBUG]:     listen: 
23:06:31 [DEBUG]:     debugger: none
23:06:31 [DEBUG]:     add searching path:
23:06:31 [DEBUG]: 


23:06:31 [DEBUG]: [WARNING]:not find lang
D/jswrapper (455): Initializing V8, version: 8.0.426.16

2021-12-27 23:06:31-log: D/jswrapper (793): libuv version: 1.13.1

2021-12-27 23:06:31-log: Number of interfaces: 4
D/jswrapper (140): Debugger listening..., visit [
D/jswrapper (143):     devtools://devtools/bundled/js_app.html?v8only=true&ws=127.0.0.1:5086/00010002-0003-4004-8005-000600070008
D/jswrapper (143):     devtools://devtools/bundled/js_app.html?v8only=true&ws=192.168.199.141:5086/00010002-0003-4004-8005-000600070008

2021-12-27 23:06:31-log: D/jswrapper (145):   ] in chrome browser to debug!
D/jswrapper (149): For help see https://nodejs.org/en/docs/inspector

2021-12-27 23:06:33-info: [Window] Download the Vue Devtools extension for a better development experience:
https://github.com/vuejs/vue-devtools
2021-12-27 23:06:33-info: [Window] You are running Vue in development mode.
Make sure to turn on production mode when deploying for production.
See more tips at https://vuejs.org/guide/deployment.html
2021-12-27 23:06:34-log: D/jswrapper (422): Debugger attached.

2021-12-27 23:08:15-log: 23:08:13 [DEBUG]: In the constructor of HttpClient!
23:08:13 [DEBUG]: iShow!
D/jswrapper (134): JS: 'cc.ParticleSystem2D.color' hides inherited property 'cc.Renderable2D.color'. To make the current property override that implementation, add the `override: true` attribute please.

2021-12-27 23:08:15-log: 23:08:15 [INFO]: In the default constructor of Map!
23:08:15 [INFO]: In the default constructor of Map!
D/jswrapper (134): JS: [WARN]: Read json failed: path: C:\Softwares\CocosDashboard_1.0.20\resources\.editors\Creator\3.3.2\resources\resources\3d\engine-native\simulator\Debug/gamecaches/cacheList.json message: Unexpected end of JSON input

2021-12-27 23:08:17-log: 23:08:16 [INFO]: Setup EGLConfig: depth [24] stencil [8] sampleBuffer [1] sampleCount [16]
23:08:16 [INFO]: Chosen EGLConfig: color [RGBA8], depth stencil [D24S8].
23:08:16 [DEBUG]: eglMakeCurrent() - SUCCEEDED, Context: 0x01CC7840
23:08:16 [INFO]: GLES3 device initialized.
23:08:16 [INFO]: RENDERER: PVRVFrame 10.8 - None (Host : Intel(R) HD Graphics 620) (SDK Build: 18.1@5086772)
23:08:16 [INFO]: VENDOR: Imagination Technologies (Host: Intel)
23:08:16 [INFO]: VERSION: OpenGL ES 3.2 (Host : 4.6.0 - Build 27.20.100.9664)
23:08:16 [INFO]: SCREEN_SIZE: 281 x 609
23:08:16 [INFO]: COMPRESSED_FORMATS: etc1 etc2 pvrtc astc 
23:08:16 [INFO]: PIXEL_LOCAL_STORAGE: level 0, size 0
23:08:16 [INFO]: FRAMEBUFFER_FETCH: NONE
23:08:16 [DEBUG]: eglMakeCurrent() - UNBOUNDED, Context: 0x01CC7840
23:08:16 [INFO]: Device validator enabled.
D/jswrapper (134): JS: Cocos Creator v3.3.2

2021-12-27 23:08:17-log: D/jswrapper (134): JS: Success to load scene

2021-12-27 23:12:45-log: 23:08:18 [DEBUG]: eglMakeCurrent() - SUCCEEDED, Context: 0x08CA2F58
23:08:18 [INFO]: Device thread detached.
23:08:18 [INFO]: Shader 'profiler|profiler-vs:vert|profiler-fs:frag' compilation succeeded.
23:08:18 [INFO]: Shader 'standard|standard-vs|standard-fs' compilation succeeded.
23:08:18 [INFO]: Shader 'standard|standard-vs|standard-fs|CC_FORWARD_ADD1' compilation succeeded.
23:08:18 [INFO]: Shader 'standard|shadow-caster-vs:vert|shadow-caster-fs:frag' compilation succeeded.
23:08:18 [INFO]: Shader 'unlit|unlit-vs:vert|unlit-fs:frag' compilation succeeded.
23:08:18 [INFO]: Shader 'clear-stencil|sprite-vs:vert|sprite-fs:frag' compilation succeeded.
23:08:18 [INFO]: Shader 'sprite|sprite-vs:vert|sprite-fs:frag' compilation succeeded.
23:08:18 [INFO]: Shader 'sprite|sprite-vs:vert|sprite-fs:frag|USE_TEXTURE1' compilation succeeded.
23:08:18 [INFO]: Shader 'sprite|sprite-vs:vert|sprite-fs:frag|USE_ALPHA_TEST1|USE_TEXTURE1' compilation succeeded.
23:08:18 [INFO]: Shader 'sprite|sprite-vs:vert|sprite-fs:frag|USE_TEXTURE1|IS_GRAY1' compilation succeeded.
23:08:18 [INFO]: Shader 'sprite|sprite-vs:vert|sprite-fs:frag|CC_USE_EMBEDDED_ALPHA1|USE_TEXTURE1' compilation succeeded.
23:08:18 [INFO]: Shader 'sprite|sprite-vs:vert|sprite-fs:frag|CC_USE_EMBEDDED_ALPHA1|USE_TEXTURE1|IS_GRAY1' compilation succeeded.
23:08:18 [INFO]: Shader 'graphics|vs:vert|fs:frag' compilation succeeded.
23:08:18 [INFO]: Shader 'particle|particle-vs-legacy:lpvs_main|tinted-fs:add' compilation succeeded.
23:08:18 [INFO]: Shader 'particle-gpu|particle-vs-gpu:gpvs_main|tinted-fs:add' compilation succeeded.
23:08:18 [INFO]: Shader 'particle-trail|particle-trail:vs_main|tinted-fs:add' compilation succeeded.
23:08:18 [INFO]: Shader 'billboard|vert:vs_main|tinted-fs:add' compilation succeeded.
23:08:18 [INFO]: Shader 'spine|sprite-vs:vert|sprite-fs:frag' compilation succeeded.
23:08:19 [INFO]: Shader 'planar-shadow|planar-shadow-vs:vert|planar-shadow-fs:frag' compilation succeeded.
23:08:19 [INFO]: Shader 'planar-shadow|planar-shadow-vs:vert|planar-shadow-fs:frag|USE_INSTANCING1' compilation succeeded.
23:08:19 [INFO]: Shader 'skybox|sky-vs:vert|sky-fs:frag' compilation succeeded.
Number of interfaces: 4
D/jswrapper (140): Debugger listening..., visit [
D/jswrapper (143):     devtools://devtools/bundled/js_app.html?v8only=true&ws=127.0.0.1:5086/00010002-0003-4004-8005-000600070008
D/jswrapper (143):     devtools://devtools/bundled/js_app.html?v8only=true&ws=192.168.199.141:5086/00010002-0003-4004-8005-000600070008
D/jswrapper (145):   ] in chrome browser to debug!
D/jswrapper (149): For help see https://nodejs.org/en/docs/inspector

2021-12-27 23:12:47-log: D/jswrapper (544): ScriptEngine::cleanup begin ...
D/jswrapper (691): GC begin ..., (js->native map) size: 538, all objects: 824

2021-12-27 23:12:47-log: D/jswrapper (576): XMLHttpRequest_finalize, 0836F750 ... 
D/jswrapper (576): XMLHttpRequest_finalize, 0836EB48 ... 
D/jswrapper (576): XMLHttpRequest_finalize, 0836EDB0 ... 
D/jswrapper (576): XMLHttpRequest_finalize, 0836F018 ... 
D/jswrapper (576): XMLHttpRequest_finalize, 0836F280 ... 
D/jswrapper (576): XMLHttpRequest_finalize, 08C739B0 ... 
D/jswrapper (576): XMLHttpRequest_finalize, 08C73C18 ... 
D/jswrapper (576): XMLHttpRequest_finalize, 08C76030 ... 
D/jswrapper (576): XMLHttpRequest_finalize, 08C75428 ... 
D/jswrapper (576): XMLHttpRequest_finalize, 08C734E0 ... 
D/jswrapper (576): XMLHttpRequest_finalize, 08C73748 ... 
D/jswrapper (576): XMLHttpRequest_finalize, 08C74A88 ... 
D/jswrapper (576): XMLHttpRequest_finalize, 08311F80 ... 
D/jswrapper (576): XMLHttpRequest_finalize, 083C97E8 ... 
D/jswrapper (576): XMLHttpRequest_finalize, 04C7F368 ... 
D/jswrapper (576): XMLHttpRequest_finalize, 04C7F5D0 ... 
D/jswrapper (576): XMLHttpRequest_finalize, 083C74C0 ... 
D/jswrapper (576): XMLHttpRequest_finalize, 084137C0 ... 
D/jswrapper (576): XMLHttpRequest_finalize, 08431A58 ... 
D/jswrapper (576): XMLHttpRequest_finalize, 084460D8 ... 
D/jswrapper (576): XMLHttpRequest_finalize, 04BC4B40 ... 
D/jswrapper (576): XMLHttpRequest_finalize, 04BC5358 ... 
D/jswrapper (576): XMLHttpRequest_finalize, 08490490 ... 
D/jswrapper (576): XMLHttpRequest_finalize, 084A4B10 ... 
D/jswrapper (576): XMLHttpRequest_finalize, 084BD5A0 ... 
D/jswrapper (576): XMLHttpRequest_finalize, 084FB2D8 ... 
D/jswrapper (576): XMLHttpRequest_finalize, 0844CDE8 ... 
D/jswrapper (576): XMLHttpRequest_finalize, 04BDA0D0 ... 
D/jswrapper (576): XMLHttpRequest_finalize, 04C4D318 ... 
D/jswrapper (706): GC end ..., (js->native map) size: 509, all objects: 824

2021-12-27 23:12:47-log: D/jswrapper (691): GC begin ..., (js->native map) size: 509, all objects: 795

2021-12-27 23:12:47-log: D/jswrapper (706): GC end ..., (js->native map) size: 509, all objects: 795

2021-12-27 23:12:47-log: D/jswrapper (691): GC begin ..., (js->native map) size: 0, all objects: -1
D/jswrapper (494): Function object is released!
D/jswrapper (706): GC end ..., (js->native map) size: 0, all objects: -1

2021-12-27 23:12:47-log: D/jswrapper (606): ScriptEngine::cleanup end ...

2021-12-27 23:12:47-log: (Info) Hardware profile: None
(Info) PVRVFrame version 10.8

2021-12-27 23:12:52-log: 23:12:51 [DEBUG]: SCREEN DPI = 96, SCREEN SCALE = 1.00
23:12:51 [DEBUG]: WORKAREA WIDTH 1358.00, HEIGHT 717.00
23:12:51 [DEBUG]: FRAME SCALE = 0.75
23:12:52 [INFO]: In the default constructor of Map!
23:12:52 [DEBUG]: Project Config:
23:12:52 [DEBUG]:     project dir: C:\Softwares\CocosDashboard_1.0.20\resources\.editors\Creator\3.3.2\resources\resources\3d\engine-native\simulator\Debug\
23:12:52 [DEBUG]:     writable path: $(PROJDIR)\
23:12:52 [DEBUG]:     script file: $(PROJDIR)\main.js
23:12:52 [DEBUG]:     frame size: 375 x 812
23:12:52 [DEBUG]:     frame scale: 0.75
23:12:52 [DEBUG]:     show console: NO
23:12:52 [DEBUG]:     write debug log: NO ()
23:12:52 [DEBUG]:     listen: 
23:12:52 [DEBUG]:     debugger: none
23:12:52 [DEBUG]:     add searching path:
23:12:52 [DEBUG]: 


23:12:52 [DEBUG]: [WARNING]:not find lang
D/jswrapper (455): Initializing V8, version: 8.0.426.16

2021-12-27 23:12:52-log: D/jswrapper (793): libuv version: 1.13.1

2021-12-27 23:12:52-log: Number of interfaces: 4
D/jswrapper (140): Debugger listening..., visit [
D/jswrapper (143):     devtools://devtools/bundled/js_app.html?v8only=true&ws=127.0.0.1:5086/00010002-0003-4004-8005-000600070008
D/jswrapper (143):     devtools://devtools/bundled/js_app.html?v8only=true&ws=192.168.199.141:5086/00010002-0003-4004-8005-000600070008

2021-12-27 23:12:52-log: D/jswrapper (145):   ] in chrome browser to debug!
D/jswrapper (149): For help see https://nodejs.org/en/docs/inspector

2021-12-27 23:12:54-info: [Window] Download the Vue Devtools extension for a better development experience:
https://github.com/vuejs/vue-devtools
2021-12-27 23:12:54-info: [Window] You are running Vue in development mode.
Make sure to turn on production mode when deploying for production.
See more tips at https://vuejs.org/guide/deployment.html
2021-12-27 23:12:55-log: D/jswrapper (422): Debugger attached.

2021-12-27 23:13:02-log: 23:13:01 [DEBUG]: In the constructor of HttpClient!
23:13:01 [DEBUG]: iShow!
D/jswrapper (134): JS: 'cc.ParticleSystem2D.color' hides inherited property 'cc.Renderable2D.color'. To make the current property override that implementation, add the `override: true` attribute please.

2021-12-27 23:13:03-log: 23:13:03 [INFO]: In the default constructor of Map!
23:13:03 [INFO]: In the default constructor of Map!
D/jswrapper (134): JS: [WARN]: Read json failed: path: C:\Softwares\CocosDashboard_1.0.20\resources\.editors\Creator\3.3.2\resources\resources\3d\engine-native\simulator\Debug/gamecaches/cacheList.json message: Unexpected end of JSON input

2021-12-27 23:13:03-log: 23:13:03 [INFO]: Setup EGLConfig: depth [24] stencil [8] sampleBuffer [1] sampleCount [16]
23:13:03 [INFO]: Chosen EGLConfig: color [RGBA8], depth stencil [D24S8].
23:13:03 [DEBUG]: eglMakeCurrent() - SUCCEEDED, Context: 0x020888C8
23:13:03 [INFO]: GLES3 device initialized.
23:13:03 [INFO]: RENDERER: PVRVFrame 10.8 - None (Host : Intel(R) HD Graphics 620) (SDK Build: 18.1@5086772)
23:13:03 [INFO]: VENDOR: Imagination Technologies (Host: Intel)
23:13:03 [INFO]: VERSION: OpenGL ES 3.2 (Host : 4.6.0 - Build 27.20.100.9664)
23:13:03 [INFO]: SCREEN_SIZE: 281 x 609
23:13:03 [INFO]: COMPRESSED_FORMATS: etc1 etc2 pvrtc astc 
23:13:03 [INFO]: PIXEL_LOCAL_STORAGE: level 0, size 0
23:13:03 [INFO]: FRAMEBUFFER_FETCH: NONE
23:13:03 [DEBUG]: eglMakeCurrent() - UNBOUNDED, Context: 0x020888C8
23:13:03 [INFO]: Device validator enabled.
D/jswrapper (134): JS: Cocos Creator v3.3.2

2021-12-27 23:13:03-log: D/jswrapper (134): JS: Success to load scene

2021-12-27 23:13:07-log: 23:13:03 [DEBUG]: eglMakeCurrent() - SUCCEEDED, Context: 0x0CB40560
23:13:03 [INFO]: Device thread detached.
23:13:04 [INFO]: Shader 'profiler|profiler-vs:vert|profiler-fs:frag' compilation succeeded.
23:13:04 [INFO]: Shader 'standard|standard-vs|standard-fs' compilation succeeded.
23:13:04 [INFO]: Shader 'standard|standard-vs|standard-fs|CC_FORWARD_ADD1' compilation succeeded.
23:13:04 [INFO]: Shader 'standard|shadow-caster-vs:vert|shadow-caster-fs:frag' compilation succeeded.
23:13:04 [INFO]: Shader 'unlit|unlit-vs:vert|unlit-fs:frag' compilation succeeded.
23:13:04 [INFO]: Shader 'clear-stencil|sprite-vs:vert|sprite-fs:frag' compilation succeeded.
23:13:04 [INFO]: Shader 'sprite|sprite-vs:vert|sprite-fs:frag' compilation succeeded.
23:13:04 [INFO]: Shader 'sprite|sprite-vs:vert|sprite-fs:frag|USE_TEXTURE1' compilation succeeded.
23:13:04 [INFO]: Shader 'sprite|sprite-vs:vert|sprite-fs:frag|USE_ALPHA_TEST1|USE_TEXTURE1' compilation succeeded.
23:13:04 [INFO]: Shader 'sprite|sprite-vs:vert|sprite-fs:frag|USE_TEXTURE1|IS_GRAY1' compilation succeeded.
23:13:04 [INFO]: Shader 'sprite|sprite-vs:vert|sprite-fs:frag|CC_USE_EMBEDDED_ALPHA1|USE_TEXTURE1' compilation succeeded.
23:13:04 [INFO]: Shader 'sprite|sprite-vs:vert|sprite-fs:frag|CC_USE_EMBEDDED_ALPHA1|USE_TEXTURE1|IS_GRAY1' compilation succeeded.
23:13:04 [INFO]: Shader 'graphics|vs:vert|fs:frag' compilation succeeded.
23:13:04 [INFO]: Shader 'particle|particle-vs-legacy:lpvs_main|tinted-fs:add' compilation succeeded.
23:13:04 [INFO]: Shader 'particle-gpu|particle-vs-gpu:gpvs_main|tinted-fs:add' compilation succeeded.
23:13:04 [INFO]: Shader 'particle-trail|particle-trail:vs_main|tinted-fs:add' compilation succeeded.
23:13:04 [INFO]: Shader 'billboard|vert:vs_main|tinted-fs:add' compilation succeeded.
23:13:04 [INFO]: Shader 'spine|sprite-vs:vert|sprite-fs:frag' compilation succeeded.
23:13:04 [INFO]: Shader 'planar-shadow|planar-shadow-vs:vert|planar-shadow-fs:frag' compilation succeeded.
23:13:04 [INFO]: Shader 'planar-shadow|planar-shadow-vs:vert|planar-shadow-fs:frag|USE_INSTANCING1' compilation succeeded.
23:13:04 [INFO]: Shader 'skybox|sky-vs:vert|sky-fs:frag' compilation succeeded.
D/jswrapper (576): XMLHttpRequest_finalize, 0CB86DD0 ... 
D/jswrapper (576): XMLHttpRequest_finalize, 0CB86698 ... 
D/jswrapper (576): XMLHttpRequest_finalize, 0CB88AB0 ... 
D/jswrapper (576): XMLHttpRequest_finalize, 0CB891E8 ... 
D/jswrapper (576): XMLHttpRequest_finalize, 1B853698 ... 
D/jswrapper (576): XMLHttpRequest_finalize, 1B853430 ... 
D/jswrapper (576): XMLHttpRequest_finalize, 1B8525C0 ... 
D/jswrapper (576): XMLHttpRequest_finalize, 1B852358 ... 
D/jswrapper (576): XMLHttpRequest_finalize, 1B854038 ... 
D/jswrapper (576): XMLHttpRequest_finalize, 1B852A90 ... 
D/jswrapper (576): XMLHttpRequest_finalize, 1B853DD0 ... 
D/jswrapper (576): XMLHttpRequest_finalize, 1B853B68 ... 
D/jswrapper (576): XMLHttpRequest_finalize, 1B853900 ... 
D/jswrapper (576): XMLHttpRequest_finalize, 1B8531C8 ... 
D/jswrapper (576): XMLHttpRequest_finalize, 1B852F60 ... 
D/jswrapper (576): XMLHttpRequest_finalize, 0C2A3340 ... 
D/jswrapper (576): XMLHttpRequest_finalize, 1B852828 ... 
D/jswrapper (576): XMLHttpRequest_finalize, 1B852CF8 ... 
D/jswrapper (576): XMLHttpRequest_finalize, 0CAD07E0 ... 
D/jswrapper (576): XMLHttpRequest_finalize, 0CAD30C8 ... 
D/jswrapper (576): XMLHttpRequest_finalize, 0CAD3800 ... 
D/jswrapper (576): XMLHttpRequest_finalize, 0CAD3330 ... 
D/jswrapper (576): XMLHttpRequest_finalize, 0CAD0A48 ... 
D/jswrapper (576): XMLHttpRequest_finalize, 0CAD3598 ... 
D/jswrapper (576): XMLHttpRequest_finalize, 0CAD3A68 ... 
D/jswrapper (576): XMLHttpRequest_finalize, 0CAD0F18 ... 
D/jswrapper (576): XMLHttpRequest_finalize, 0CAD2990 ... 
D/jswrapper (576): XMLHttpRequest_finalize, 0CAD0CB0 ... 
D/jswrapper (576): XMLHttpRequest_finalize, 0CAD13E8 ... 
D/jswrapper (576): XMLHttpRequest_finalize, 0CAD1180 ... 
D/jswrapper (576): XMLHttpRequest_finalize, 0CAD2E60 ... 
D/jswrapper (576): XMLHttpRequest_finalize, 057A0D80 ... 
D/jswrapper (576): XMLHttpRequest_finalize, 0C26C4B0 ... 
D/jswrapper (576): XMLHttpRequest_finalize, 0C27D7E0 ... 
D/jswrapper (576): XMLHttpRequest_finalize, 0C2A3810 ... 
D/jswrapper (576): XMLHttpRequest_finalize, 0C2A29A0 ... 
D/jswrapper (576): XMLHttpRequest_finalize, 0C2A3F48 ... 
D/jswrapper (576): XMLHttpRequest_finalize, 0C2A2E70 ... 
D/jswrapper (576): XMLHttpRequest_finalize, 0C2A3A78 ... 
D/jswrapper (576): XMLHttpRequest_finalize, 0C2A35A8 ... 
D/jswrapper (576): XMLHttpRequest_finalize, 0C2A30D8 ... 
D/jswrapper (576): XMLHttpRequest_finalize, 0C2A2738 ... 
D/jswrapper (576): XMLHttpRequest_finalize, 0C2A2C08 ... 
D/jswrapper (576): XMLHttpRequest_finalize, 0C2A41B0 ... 
D/jswrapper (576): XMLHttpRequest_finalize, 0C2A24D0 ... 
D/jswrapper (576): XMLHttpRequest_finalize, 0C2A3CE0 ... 
D/jswrapper (576): XMLHttpRequest_finalize, 04EEE0C8 ... 
D/jswrapper (576): XMLHttpRequest_finalize, 04EFC008 ... 

2021-12-27 23:13:08-log: D/jswrapper (134): JS: LFM1221

2021-12-27 23:13:11-log: D/jswrapper (544): ScriptEngine::cleanup begin ...
D/jswrapper (691): GC begin ..., (js->native map) size: 6127, all objects: 6444

2021-12-27 23:13:11-log: D/jswrapper (576): XMLHttpRequest_finalize, 0CB88110 ... 
D/jswrapper (576): XMLHttpRequest_finalize, 0CB87508 ... 
D/jswrapper (576): XMLHttpRequest_finalize, 0CB861C8 ... 
D/jswrapper (706): GC end ..., (js->native map) size: 6118, all objects: 6432
D/jswrapper (691): GC begin ..., (js->native map) size: 6118, all objects: 6429

2021-12-27 23:13:11-log: D/jswrapper (706): GC end ..., (js->native map) size: 6118, all objects: 6429

2021-12-27 23:13:11-log: D/jswrapper (691): GC begin ..., (js->native map) size: 0, all objects: -1

2021-12-27 23:13:11-log: D/jswrapper (494): Function object is released!
D/jswrapper (706): GC end ..., (js->native map) size: 0, all objects: -1

2021-12-27 23:13:24-log: D/jswrapper (606): ScriptEngine::cleanup end ...

2021-12-27 23:13:24-log: (Info) Hardware profile: None
(Info) PVRVFrame version 10.8

2021-12-27 23:13:46-log: 23:13:46 [DEBUG]: SCREEN DPI = 96, SCREEN SCALE = 1.00
23:13:46 [DEBUG]: WORKAREA WIDTH 1358.00, HEIGHT 717.00
23:13:46 [DEBUG]: FRAME SCALE = 0.75
23:13:46 [INFO]: In the default constructor of Map!
23:13:46 [DEBUG]: Project Config:
23:13:46 [DEBUG]:     project dir: C:\Softwares\CocosDashboard_1.0.20\resources\.editors\Creator\3.3.2\resources\resources\3d\engine-native\simulator\Debug\
23:13:46 [DEBUG]:     writable path: $(PROJDIR)\
23:13:46 [DEBUG]:     script file: $(PROJDIR)\main.js
23:13:46 [DEBUG]:     frame size: 375 x 812
23:13:46 [DEBUG]:     frame scale: 0.75
23:13:46 [DEBUG]:     show console: NO
23:13:46 [DEBUG]:     write debug log: NO ()
23:13:46 [DEBUG]:     listen: 
23:13:46 [DEBUG]:     debugger: none
23:13:46 [DEBUG]:     add searching path:
23:13:46 [DEBUG]: 


23:13:46 [DEBUG]: [WARNING]:not find lang
D/jswrapper (455): Initializing V8, version: 8.0.426.16

2021-12-27 23:13:46-log: D/jswrapper (793): libuv version: 1.13.1

2021-12-27 23:13:46-log: Number of interfaces: 4
D/jswrapper (140): Debugger listening..., visit [
D/jswrapper (143):     devtools://devtools/bundled/js_app.html?v8only=true&ws=127.0.0.1:5086/00010002-0003-4004-8005-000600070008
D/jswrapper (143):     devtools://devtools/bundled/js_app.html?v8only=true&ws=192.168.199.141:5086/00010002-0003-4004-8005-000600070008

2021-12-27 23:13:46-log: D/jswrapper (145):   ] in chrome browser to debug!
D/jswrapper (149): For help see https://nodejs.org/en/docs/inspector

2021-12-27 23:13:48-info: [Window] Download the Vue Devtools extension for a better development experience:
https://github.com/vuejs/vue-devtools
2021-12-27 23:13:48-info: [Window] You are running Vue in development mode.
Make sure to turn on production mode when deploying for production.
See more tips at https://vuejs.org/guide/deployment.html
2021-12-27 23:13:49-log: D/jswrapper (422): Debugger attached.

2021-12-27 23:14:49-log: 23:14:48 [DEBUG]: In the constructor of HttpClient!
23:14:48 [DEBUG]: iShow!
D/jswrapper (134): JS: 'cc.ParticleSystem2D.color' hides inherited property 'cc.Renderable2D.color'. To make the current property override that implementation, add the `override: true` attribute please.

2021-12-27 23:14:50-log: 23:14:50 [INFO]: In the default constructor of Map!
23:14:50 [INFO]: In the default constructor of Map!
D/jswrapper (134): JS: [WARN]: Read json failed: path: C:\Softwares\CocosDashboard_1.0.20\resources\.editors\Creator\3.3.2\resources\resources\3d\engine-native\simulator\Debug/gamecaches/cacheList.json message: Unexpected end of JSON input

2021-12-27 23:14:50-log: 23:14:50 [INFO]: Setup EGLConfig: depth [24] stencil [8] sampleBuffer [1] sampleCount [16]
23:14:50 [INFO]: Chosen EGLConfig: color [RGBA8], depth stencil [D24S8].
23:14:50 [DEBUG]: eglMakeCurrent() - SUCCEEDED, Context: 0x02127768
23:14:50 [INFO]: GLES3 device initialized.
23:14:50 [INFO]: RENDERER: PVRVFrame 10.8 - None (Host : Intel(R) HD Graphics 620) (SDK Build: 18.1@5086772)
23:14:50 [INFO]: VENDOR: Imagination Technologies (Host: Intel)
23:14:50 [INFO]: VERSION: OpenGL ES 3.2 (Host : 4.6.0 - Build 27.20.100.9664)
23:14:50 [INFO]: SCREEN_SIZE: 281 x 609
23:14:50 [INFO]: COMPRESSED_FORMATS: etc1 etc2 pvrtc astc 
23:14:50 [INFO]: PIXEL_LOCAL_STORAGE: level 0, size 0
23:14:50 [INFO]: FRAMEBUFFER_FETCH: NONE
23:14:50 [DEBUG]: eglMakeCurrent() - UNBOUNDED, Context: 0x02127768
23:14:50 [INFO]: Device validator enabled.
D/jswrapper (134): JS: Cocos Creator v3.3.2

2021-12-27 23:14:51-log: D/jswrapper (134): JS: Success to load scene

2021-12-27 23:14:53-log: 23:14:51 [DEBUG]: eglMakeCurrent() - SUCCEEDED, Context: 0x0FACC0E8
23:14:51 [INFO]: Device thread detached.
23:14:51 [INFO]: Shader 'profiler|profiler-vs:vert|profiler-fs:frag' compilation succeeded.
23:14:51 [INFO]: Shader 'standard|standard-vs|standard-fs' compilation succeeded.
23:14:51 [INFO]: Shader 'standard|standard-vs|standard-fs|CC_FORWARD_ADD1' compilation succeeded.
23:14:51 [INFO]: Shader 'standard|shadow-caster-vs:vert|shadow-caster-fs:frag' compilation succeeded.
23:14:51 [INFO]: Shader 'unlit|unlit-vs:vert|unlit-fs:frag' compilation succeeded.
23:14:51 [INFO]: Shader 'clear-stencil|sprite-vs:vert|sprite-fs:frag' compilation succeeded.
23:14:51 [INFO]: Shader 'sprite|sprite-vs:vert|sprite-fs:frag' compilation succeeded.
23:14:51 [INFO]: Shader 'sprite|sprite-vs:vert|sprite-fs:frag|USE_TEXTURE1' compilation succeeded.
23:14:51 [INFO]: Shader 'sprite|sprite-vs:vert|sprite-fs:frag|USE_ALPHA_TEST1|USE_TEXTURE1' compilation succeeded.
23:14:51 [INFO]: Shader 'sprite|sprite-vs:vert|sprite-fs:frag|USE_TEXTURE1|IS_GRAY1' compilation succeeded.
23:14:51 [INFO]: Shader 'sprite|sprite-vs:vert|sprite-fs:frag|CC_USE_EMBEDDED_ALPHA1|USE_TEXTURE1' compilation succeeded.
23:14:51 [INFO]: Shader 'sprite|sprite-vs:vert|sprite-fs:frag|CC_USE_EMBEDDED_ALPHA1|USE_TEXTURE1|IS_GRAY1' compilation succeeded.
23:14:51 [INFO]: Shader 'graphics|vs:vert|fs:frag' compilation succeeded.
23:14:51 [INFO]: Shader 'particle|particle-vs-legacy:lpvs_main|tinted-fs:add' compilation succeeded.
23:14:51 [INFO]: Shader 'particle-gpu|particle-vs-gpu:gpvs_main|tinted-fs:add' compilation succeeded.
23:14:51 [INFO]: Shader 'particle-trail|particle-trail:vs_main|tinted-fs:add' compilation succeeded.
23:14:51 [INFO]: Shader 'billboard|vert:vs_main|tinted-fs:add' compilation succeeded.
23:14:51 [INFO]: Shader 'spine|sprite-vs:vert|sprite-fs:frag' compilation succeeded.
23:14:52 [INFO]: Shader 'planar-shadow|planar-shadow-vs:vert|planar-shadow-fs:frag' compilation succeeded.
23:14:52 [INFO]: Shader 'planar-shadow|planar-shadow-vs:vert|planar-shadow-fs:frag|USE_INSTANCING1' compilation succeeded.
23:14:52 [INFO]: Shader 'skybox|sky-vs:vert|sky-fs:frag' compilation succeeded.
D/jswrapper (576): XMLHttpRequest_finalize, 0FF739C0 ... 
D/jswrapper (576): XMLHttpRequest_finalize, 0FF769E0 ... 
D/jswrapper (576): XMLHttpRequest_finalize, 0FF762A8 ... 

2021-12-27 23:14:53-log: D/jswrapper (576): XMLHttpRequest_finalize, 0F291978 ... 
D/jswrapper (576): XMLHttpRequest_finalize, 0F292318 ... 
D/jswrapper (576): XMLHttpRequest_finalize, 0F2920B0 ... 
D/jswrapper (576): XMLHttpRequest_finalize, 0F291E48 ... 
D/jswrapper (576): XMLHttpRequest_finalize, 0F2908A0 ... 
D/jswrapper (576): XMLHttpRequest_finalize, 0F290FD8 ... 
D/jswrapper (576): XMLHttpRequest_finalize, 0F290B08 ... 
D/jswrapper (576): XMLHttpRequest_finalize, 0F292580 ... 
D/jswrapper (576): XMLHttpRequest_finalize, 0F291BE0 ... 
D/jswrapper (576): XMLHttpRequest_finalize, 0F291710 ... 
D/jswrapper (576): XMLHttpRequest_finalize, 0F291240 ... 
D/jswrapper (576): XMLHttpRequest_finalize, 0F290D70 ... 

2021-12-27 23:14:53-log: D/jswrapper (576): XMLHttpRequest_finalize, 0FF73C28 ... 
D/jswrapper (576): XMLHttpRequest_finalize, 04EF0970 ... 
D/jswrapper (576): XMLHttpRequest_finalize, 04F922F0 ... 
D/jswrapper (576): XMLHttpRequest_finalize, 0F27B788 ... 
D/jswrapper (576): XMLHttpRequest_finalize, 0F27EB58 ... 
D/jswrapper (576): XMLHttpRequest_finalize, 0F2A88A0 ... 
D/jswrapper (576): XMLHttpRequest_finalize, 0F2C1730 ... 
D/jswrapper (576): XMLHttpRequest_finalize, 0F2D86D8 ... 
D/jswrapper (576): XMLHttpRequest_finalize, 0F27E340 ... 

2021-12-27 23:14:53-log: D/jswrapper (576): XMLHttpRequest_finalize, 0F2D8280 ... 
D/jswrapper (576): XMLHttpRequest_finalize, 04ED3AD8 ... 
D/jswrapper (576): XMLHttpRequest_finalize, 04ED3D40 ... 
D/jswrapper (576): XMLHttpRequest_finalize, 0F2C0C28 ... 
D/jswrapper (576): XMLHttpRequest_finalize, 0F30A9E8 ... 

2021-12-27 23:14:53-log: D/jswrapper (576): XMLHttpRequest_finalize, 0F325078 ... 
D/jswrapper (576): XMLHttpRequest_finalize, 0F351FF8 ... 
D/jswrapper (576): XMLHttpRequest_finalize, 04ED1C28 ... 
D/jswrapper (576): XMLHttpRequest_finalize, 04EF0EF0 ... 

2021-12-27 23:14:56-log: D/jswrapper (134): JS: L0304F674M1221

2021-12-27 23:15:53-log: Number of interfaces: 4
D/jswrapper (140): Debugger listening..., visit [
D/jswrapper (143):     devtools://devtools/bundled/js_app.html?v8only=true&ws=127.0.0.1:5086/00010002-0003-4004-8005-000600070008
D/jswrapper (143):     devtools://devtools/bundled/js_app.html?v8only=true&ws=192.168.199.141:5086/00010002-0003-4004-8005-000600070008
D/jswrapper (145):   ] in chrome browser to debug!
D/jswrapper (149): For help see https://nodejs.org/en/docs/inspector

2021-12-27 23:15:54-log: D/jswrapper (544): ScriptEngine::cleanup begin ...
D/jswrapper (691): GC begin ..., (js->native map) size: 6360, all objects: 6677

2021-12-27 23:15:54-log: D/jswrapper (576): XMLHttpRequest_finalize, 0F290FD8 ... 
D/jswrapper (576): XMLHttpRequest_finalize, 0F290D70 ... 
D/jswrapper (576): XMLHttpRequest_finalize, 0F2920B0 ... 
D/jswrapper (576): XMLHttpRequest_finalize, 0F291E48 ... 
D/jswrapper (576): XMLHttpRequest_finalize, 0F291BE0 ... 
D/jswrapper (576): XMLHttpRequest_finalize, 0F290B08 ... 
D/jswrapper (576): XMLHttpRequest_finalize, 0F291240 ... 
D/jswrapper (576): XMLHttpRequest_finalize, 0F291710 ... 
D/jswrapper (576): XMLHttpRequest_finalize, 0F292318 ... 
D/jswrapper (576): XMLHttpRequest_finalize, 0F2908A0 ... 
D/jswrapper (576): XMLHttpRequest_finalize, 0F292580 ... 
D/jswrapper (576): XMLHttpRequest_finalize, 0F291978 ... 
D/jswrapper (576): XMLHttpRequest_finalize, 0FF762A8 ... 
D/jswrapper (576): XMLHttpRequest_finalize, 0FF73758 ... 
D/jswrapper (576): XMLHttpRequest_finalize, 0FF74F68 ... 
D/jswrapper (576): XMLHttpRequest_finalize, 0FF734F0 ... 
D/jswrapper (576): XMLHttpRequest_finalize, 0FF73C28 ... 
D/jswrapper (576): XMLHttpRequest_finalize, 0FF76040 ... 
D/jswrapper (576): XMLHttpRequest_finalize, 0FF75B70 ... 
D/jswrapper (576): XMLHttpRequest_finalize, 0FF73020 ... 
D/jswrapper (576): XMLHttpRequest_finalize, 0FF75908 ... 
D/jswrapper (576): XMLHttpRequest_finalize, 0FF769E0 ... 
D/jswrapper (576): XMLHttpRequest_finalize, 0FF74A98 ... 
D/jswrapper (576): XMLHttpRequest_finalize, 0FF739C0 ... 
D/jswrapper (576): XMLHttpRequest_finalize, 0FF73288 ... 

2021-12-27 23:15:54-log: D/jswrapper (576): XMLHttpRequest_finalize, 0FF756A0 ... 
D/jswrapper (706): GC end ..., (js->native map) size: 6109, all objects: 6446

2021-12-27 23:15:54-log: D/jswrapper (691): GC begin ..., (js->native map) size: 6109, all objects: 6420

2021-12-27 23:15:54-log: D/jswrapper (706): GC end ..., (js->native map) size: 6109, all objects: 6420

2021-12-27 23:15:54-log: D/jswrapper (691): GC begin ..., (js->native map) size: 0, all objects: -1
D/jswrapper (494): Function object is released!
D/jswrapper (706): GC end ..., (js->native map) size: 0, all objects: -1

2021-12-27 23:15:54-log: D/jswrapper (606): ScriptEngine::cleanup end ...

2021-12-27 23:15:55-log: (Info) Hardware profile: None
(Info) PVRVFrame version 10.8

