2024-1-2 21:13:33-log: Cannot access game frame or container.
2024-1-2 21:13:33-debug: asset-db:require-engine-code (704ms)
2024-1-2 21:13:33-log: Cocos Creator v3.8.1
2024-1-2 21:13:33-debug: [Assets Memory track]: asset-db:worker-init: initEngine start:21.04MB, end 91.92MB, increase: 70.88MB
2024-1-2 21:13:33-debug: [Assets Memory track]: asset-db-plugin-register: programming start:92.50MB, end 95.32MB, increase: 2.83MB
2024-1-2 21:13:33-debug: [Assets Memory track]: asset-db-plugin-register: engine-extends start:95.37MB, end 98.68MB, increase: 3.31MB
2024-1-2 21:13:33-debug: [Assets Memory track]: asset-db:worker-init: initPlugin start:91.93MB, end 98.69MB, increase: 6.76MB
2024-1-2 21:13:33-debug: [Assets Memory track]: asset-db-plugin-enable: project start:95.54MB, end 98.69MB, increase: 3.15MB
2024-1-2 21:13:33-debug: asset-db:worker-init: initPlugin (93ms)
2024-1-2 21:13:33-debug: [Assets Memory track]: asset-db:worker-init start:21.04MB, end 98.75MB, increase: 77.71MB
2024-1-2 21:13:33-debug: Run asset db hook programming:beforePreStart ...
2024-1-2 21:13:33-debug: Run asset db hook programming:beforePreStart success!
2024-1-2 21:13:33-debug: Run asset db hook engine-extends:beforePreStart success!
2024-1-2 21:13:34-debug: run package(builder) handler(enable) start
2024-1-2 21:13:33-debug: Run asset db hook engine-extends:beforePreStart ...
2024-1-2 21:13:36-debug: [Assets Memory track]: asset-db-plugin-enable: builder start:113.73MB, end 302.37MB, increase: 188.63MB
2024-1-2 21:13:36-debug: run package(builder) handler(enable) success!
2024-1-2 21:13:36-debug: run package(shortcuts) handler(enable) success!
2024-1-2 21:13:36-debug: run package(animation-graph) handler(enable) start
2024-1-2 21:13:36-debug: run package(animation-graph) handler(enable) success!
2024-1-2 21:13:36-debug: run package(assets) handler(enable) start
2024-1-2 21:13:36-debug: run package(about) handler(enable) start
2024-1-2 21:13:36-debug: run package(about) handler(enable) success!
2024-1-2 21:13:36-debug: run package(assets) handler(enable) success!
2024-1-2 21:13:36-debug: run package(console) handler(enable) success!
2024-1-2 21:13:36-debug: run package(console) handler(enable) start
2024-1-2 21:13:36-debug: run package(shortcuts) handler(enable) start
2024-1-2 21:13:36-debug: asset-db:worker-init (1528ms)
2024-1-2 21:13:36-debug: run package(crash-reporter) handler(enable) start
2024-1-2 21:13:36-debug: asset-db-hook-engine-extends-beforePreStart (386ms)
2024-1-2 21:13:36-debug: run package(crash-reporter) handler(enable) success!
2024-1-2 21:13:36-debug: run package(extension) handler(enable) start
2024-1-2 21:13:36-debug: run package(extension) handler(enable) success!
2024-1-2 21:13:36-debug: run package(hierarchy) handler(enable) start
2024-1-2 21:13:36-debug: run package(hierarchy) handler(enable) success!
2024-1-2 21:13:36-debug: run package(inspector) handler(enable) start
2024-1-2 21:13:36-debug: run package(inspector) handler(enable) success!
2024-1-2 21:13:36-debug: run package(light-probe) handler(enable) success!
2024-1-2 21:13:36-debug: asset-db-hook-programming-beforePreStart (386ms)
2024-1-2 21:13:36-debug: run package(lightmap) handler(enable) start
2024-1-2 21:13:36-debug: run package(lightmap) handler(enable) success!
2024-1-2 21:13:36-debug: run package(node-library) handler(enable) start
2024-1-2 21:13:36-debug: run package(node-library) handler(enable) success!
2024-1-2 21:13:36-debug: run package(package-asset) handler(enable) start
2024-1-2 21:13:36-debug: run package(package-asset) handler(enable) success!
2024-1-2 21:13:36-debug: run package(process) handler(enable) start
2024-1-2 21:13:36-debug: run package(process) handler(enable) success!
2024-1-2 21:13:36-debug: run package(light-probe) handler(enable) start
2024-1-2 21:13:36-debug: run package(reference-image) handler(enable) start
2024-1-2 21:13:36-debug: run package(reflection-probe) handler(enable) start
2024-1-2 21:13:36-debug: run package(reflection-probe) handler(enable) success!
2024-1-2 21:13:36-debug: run package(engine-extends) handler(enable) start
2024-1-2 21:13:36-debug: run package(engine-extends) handler(enable) success!
2024-1-2 21:13:36-debug: run package(adsense-h5g-plugin) handler(enable) success!
2024-1-2 21:13:36-debug: run package(alipay-mini-game) handler(enable) start
2024-1-2 21:13:36-debug: run package(reference-image) handler(enable) success!
2024-1-2 21:13:36-debug: run package(alipay-mini-game) handler(enable) success!
2024-1-2 21:13:36-debug: run package(android) handler(enable) start
2024-1-2 21:13:36-debug: run package(android) handler(enable) success!
2024-1-2 21:13:36-debug: run package(adsense-h5g-plugin) handler(enable) start
2024-1-2 21:13:36-debug: run package(bytedance-mini-game) handler(enable) success!
2024-1-2 21:13:36-debug: run package(certificate) handler(enable) success!
2024-1-2 21:13:36-debug: run package(bytedance-mini-game) handler(enable) start
2024-1-2 21:13:36-debug: run package(channel-upload-tools) handler(enable) start
2024-1-2 21:13:36-debug: run package(channel-upload-tools) handler(enable) success!
2024-1-2 21:13:36-debug: run package(fb-instant-games) handler(enable) start
2024-1-2 21:13:36-debug: run package(certificate) handler(enable) start
2024-1-2 21:13:36-debug: run package(huawei-agc) handler(enable) success!
2024-1-2 21:13:36-debug: run package(huawei-agc) handler(enable) start
2024-1-2 21:13:36-debug: run package(huawei-quick-game) handler(enable) start
2024-1-2 21:13:36-debug: run package(huawei-quick-game) handler(enable) success!
2024-1-2 21:13:36-debug: run package(ios) handler(enable) start
2024-1-2 21:13:36-debug: run package(ios) handler(enable) success!
2024-1-2 21:13:36-debug: run package(linux) handler(enable) success!
2024-1-2 21:13:36-debug: run package(mac) handler(enable) start
2024-1-2 21:13:36-debug: run package(native) handler(enable) start
2024-1-2 21:13:36-debug: run package(native) handler(enable) success!
2024-1-2 21:13:36-debug: run package(ohos) handler(enable) start
2024-1-2 21:13:36-debug: run package(ohos) handler(enable) success!
2024-1-2 21:13:36-debug: run package(openharmony) handler(enable) start
2024-1-2 21:13:36-debug: run package(openharmony) handler(enable) success!
2024-1-2 21:13:36-debug: run package(oppo-mini-game) handler(enable) start
2024-1-2 21:13:36-debug: run package(oppo-mini-game) handler(enable) success!
2024-1-2 21:13:36-debug: run package(runtime-dev-tools) handler(enable) start
2024-1-2 21:13:36-debug: run package(runtime-dev-tools) handler(enable) success!
2024-1-2 21:13:36-debug: run package(taobao-creative-app) handler(enable) start
2024-1-2 21:13:36-debug: run package(taobao-creative-app) handler(enable) success!
2024-1-2 21:13:36-debug: run package(taobao-mini-game) handler(enable) start
2024-1-2 21:13:36-debug: run package(taobao-mini-game) handler(enable) success!
2024-1-2 21:13:36-debug: run package(vivo-mini-game) handler(enable) start
2024-1-2 21:13:36-debug: run package(vivo-mini-game) handler(enable) success!
2024-1-2 21:13:36-debug: run package(web-desktop) handler(enable) start
2024-1-2 21:13:36-debug: run package(web-desktop) handler(enable) success!
2024-1-2 21:13:36-debug: run package(fb-instant-games) handler(enable) success!
2024-1-2 21:13:36-debug: run package(mac) handler(enable) success!
2024-1-2 21:13:36-debug: run package(web-mobile) handler(enable) start
2024-1-2 21:13:36-debug: run package(web-mobile) handler(enable) success!
2024-1-2 21:13:36-debug: run package(wechatgame) handler(enable) success!
2024-1-2 21:13:36-debug: run package(wechatgame) handler(enable) start
2024-1-2 21:13:36-debug: run package(wechatprogram) handler(enable) success!
2024-1-2 21:13:36-debug: run package(wechatprogram) handler(enable) start
2024-1-2 21:13:36-debug: run package(windows) handler(enable) start
2024-1-2 21:13:36-debug: run package(windows) handler(enable) success!
2024-1-2 21:13:36-debug: run package(xiaomi-quick-game) handler(enable) start
2024-1-2 21:13:36-debug: run package(xiaomi-quick-game) handler(enable) success!
2024-1-2 21:13:36-debug: run package(cocos-service) handler(enable) start
2024-1-2 21:13:36-debug: run package(cocos-service) handler(enable) success!
2024-1-2 21:13:36-debug: run package(im-plugin) handler(enable) success!
2024-1-2 21:13:36-debug: run package(im-plugin) handler(enable) start
2024-1-2 21:13:36-debug: run package(placeholder) handler(enable) start
2024-1-2 21:13:36-debug: run package(placeholder) handler(enable) success!
2024-1-2 21:13:36-debug: run package(linux) handler(enable) start
2024-1-2 21:13:36-debug: Preimport db internal success
2024-1-2 21:13:36-debug: Preimport db assets success
2024-1-2 21:13:36-debug: Run asset db hook programming:afterPreStart ...
2024-1-2 21:13:37-debug: Set detail map pack:///resolution-detail-map.json: {}
2024-1-2 21:13:37-debug: Run asset db hook engine-extends:afterPreStart ...
2024-1-2 21:13:37-debug: Run asset db hook programming:afterPreStart success!
2024-1-2 21:13:37-debug: Run asset db hook engine-extends:afterPreStart success!
2024-1-2 21:13:37-debug: [Assets Memory track]: asset-db:worker-init: preStart start:98.75MB, end 302.50MB, increase: 203.75MB
2024-1-2 21:13:37-debug: Start up the 'internal' database...
2024-1-2 21:13:37-debug: asset-db-hook-programming-afterPreStart (223ms)
2024-1-2 21:13:37-debug: asset-db:worker-effect-data-processing (27ms)
2024-1-2 21:13:37-debug: asset-db-hook-engine-extends-afterPreStart (27ms)
2024-1-2 21:13:37-debug: start asset-db(internal) with asset: 463
2024-1-2 21:13:37-debug: [Assets Memory track]: asset-db:worker-startup-database[internal] start:112.30MB, end 300.52MB, increase: 188.23MB
2024-1-2 21:13:37-debug: Start up the 'assets' database...
2024-1-2 21:13:37-debug: asset-db:worker-startup-database[internal] (3007ms)
2024-1-2 21:13:37-debug: start asset-db(assets) with asset: 107
2024-1-2 21:13:37-debug: asset-db:worker-startup-database[assets] (290ms)
2024-1-2 21:13:37-debug: asset-db:start-database (3352ms)
2024-1-2 21:13:37-debug: asset-db:ready (6500ms)
2024-1-2 21:13:37-debug: init worker message success
2024-1-2 21:13:37-debug: [Build Memory track]: builder:worker-init start:304.68MB, end 311.72MB, increase: 7.04MB
2024-1-2 21:13:37-debug: programming:execute-script (3ms)
2024-1-2 21:13:37-debug: builder:worker-init (308ms)
2024-1-2 21:13:38-debug: programming:execute-script (3ms)
2024-1-2 21:14:09-debug: refresh db internal success
2024-1-2 21:14:09-debug: refresh db assets success
2024-1-2 21:14:09-debug: Run asset db hook engine-extends:afterRefresh success!
2024-1-2 21:14:09-debug: Run asset db hook engine-extends:afterRefresh ...
2024-1-2 21:14:09-debug: asset-db:refresh-all-database (33ms)
2024-1-2 21:14:09-debug: asset-db:worker-effect-data-processing (1ms)
2024-1-2 21:14:09-debug: asset-db-hook-engine-extends-afterRefresh (1ms)
2024-1-2 21:14:25-debug: start refresh asset from D:\CocosCreator\BuildLevel\assets\scenes\Level4.scene...
2024-1-2 21:14:25-debug: %cImport%c: D:\CocosCreator\BuildLevel\assets\scenes\Level4.scenebackground: #aaff85; color: #000;color: #000;
2024-1-2 21:14:25-debug: refresh asset D:\CocosCreator\BuildLevel\assets\scenes success
2024-1-2 21:14:25-debug: %cImport%c: D:\CocosCreator\BuildLevel\assets\scenesbackground: #aaff85; color: #000;color: #000;
2024-1-2 21:36:00-debug: start refresh asset from D:\CocosCreator\BuildLevel\assets\scenes\Level4.scene...
2024-1-2 21:36:00-debug: %cImport%c: D:\CocosCreator\BuildLevel\assets\scenes\Level4.scenebackground: #aaff85; color: #000;color: #000;
2024-1-2 21:36:00-debug: refresh asset D:\CocosCreator\BuildLevel\assets\scenes success
2024-1-2 21:36:00-debug: refresh db internal success
2024-1-2 21:36:00-debug: refresh db assets success
2024-1-2 21:36:00-debug: Run asset db hook engine-extends:afterRefresh ...
2024-1-2 21:36:00-debug: Run asset db hook engine-extends:afterRefresh success!
2024-1-2 21:36:00-debug: asset-db:refresh-all-database (28ms)
2024-1-2 21:36:03-debug: start refresh asset from D:\CocosCreator\BuildLevel\assets\scenes\Level5.scene...
2024-1-2 21:36:03-debug: %cImport%c: D:\CocosCreator\BuildLevel\assets\scenes\Level5.scenebackground: #aaff85; color: #000;color: #000;
2024-1-2 21:36:03-debug: refresh asset D:\CocosCreator\BuildLevel\assets\scenes success
2024-1-2 21:36:03-debug: %cImport%c: D:\CocosCreator\BuildLevel\assets\scenesbackground: #aaff85; color: #000;color: #000;
2024-1-2 21:36:16-debug: programming:execute-script (7ms)
2024-1-2 21:36:16-debug: Query all assets info in project
2024-1-2 21:36:16-debug: init custom config: keepNodeUuid: false, useCache: true
2024-1-2 21:36:16-debug:   Number of all scripts: 14
2024-1-2 21:36:16-debug:   Number of other assets: 477
2024-1-2 21:36:16-debug:   Number of all scenes: 7
2024-1-2 21:36:16-debug: reload all scripts.
2024-1-2 21:36:16-debug: Set detail map pack:///resolution-detail-map.json: {}
2024-1-2 21:36:16-debug: D:\CocosCreator\BuildLevel\temp\programming\packer-driver\targets\editor\chunks\93\93ba276ea7b26ffcdc433fab14afc1ed6f05647b.js resolved to D:\CocosCreator\BuildLevel\temp\programming\packer-driver\targets\editor\chunks\93\93ba276ea7b26ffcdc433fab14afc1ed6f05647b.js is not in module cache!
2024-1-2 21:36:16-debug: [[Executor]] Module "cce:/internal/x/cc-fu/base" loaded.
2024-1-2 21:36:16-debug: [[Executor]] Module "cce:/internal/x/cc-fu/gfx-empty" loaded.
2024-1-2 21:36:16-debug: [[Executor]] Module "cce:/internal/x/cc-fu/3d" loaded.
2024-1-2 21:36:16-debug: [[Executor]] Module "cce:/internal/x/cc-fu/gfx-webgl" loaded.
2024-1-2 21:36:16-debug: [[Executor]] Module "cce:/internal/x/cc-fu/gfx-webgl2" loaded.
2024-1-2 21:36:16-debug: [[Executor]] Module "cce:/internal/x/cc-fu/skeletal-animation" loaded.
2024-1-2 21:36:16-debug: [[Executor]] Module "cce:/internal/x/cc-fu/sorting" loaded.
2024-1-2 21:36:16-debug: [[Executor]] Module "cce:/internal/x/cc-fu/2d" loaded.
2024-1-2 21:36:16-debug: [[Executor]] Module "cce:/internal/x/cc-fu/animation" loaded.
2024-1-2 21:36:16-debug: [[Executor]] Module "cce:/internal/x/cc-fu/particle-2d" loaded.
2024-1-2 21:36:16-debug: [[Executor]] Module "cce:/internal/x/cc-fu/particle" loaded.
2024-1-2 21:36:16-debug: [[Executor]] Module "cce:/internal/x/cc-fu/physics-framework" loaded.
2024-1-2 21:36:16-debug: [[Executor]] Module "cce:/internal/x/cc-fu/physics-2d-framework" loaded.
2024-1-2 21:36:16-debug: [[Executor]] Module "cce:/internal/x/cc-fu/physics-2d-box2d-wasm" loaded.
2024-1-2 21:36:16-debug: [[Executor]] Module "cce:/internal/x/cc-fu/intersection-2d" loaded.
2024-1-2 21:36:16-debug: [[Executor]] Module "cce:/internal/x/cc-fu/profiler" loaded.
2024-1-2 21:36:16-debug: [[Executor]] Module "cce:/internal/x/cc-fu/primitive" loaded.
2024-1-2 21:36:16-debug: [[Executor]] Module "cce:/internal/x/cc-fu/geometry-renderer" loaded.
2024-1-2 21:36:16-debug: [[Executor]] Module "cce:/internal/x/cc-fu/ui" loaded.
2024-1-2 21:36:16-debug: [[Executor]] Module "cce:/internal/x/cc-fu/video" loaded.
2024-1-2 21:36:16-debug: [[Executor]] Module "cce:/internal/x/cc-fu/light-probe" loaded.
2024-1-2 21:36:16-debug: [[Executor]] Module "cce:/internal/x/cc-fu/terrain" loaded.
2024-1-2 21:36:16-debug: [[Executor]] Module "cce:/internal/x/cc-fu/audio" loaded.
2024-1-2 21:36:16-debug: [[Executor]] Module "cce:/internal/x/cc-fu/xr" loaded.
2024-1-2 21:36:16-debug: [[Executor]] Module "cce:/internal/x/cc-fu/tween" loaded.
2024-1-2 21:36:16-debug: [[Executor]] Module "cce:/internal/x/cc-fu/webview" loaded.
2024-1-2 21:36:16-debug: [[Executor]] Module "cce:/internal/x/cc-fu/tiled-map" loaded.
2024-1-2 21:36:16-debug: [[Executor]] Module "cce:/internal/x/cc-fu/dragon-bones" loaded.
2024-1-2 21:36:16-debug: [[Executor]] Module "cce:/internal/x/cc-fu/custom-pipeline" loaded.
2024-1-2 21:36:16-debug: [[Executor]] Module "cce:/internal/x/cc-fu/gfx-webgl" loaded.
2024-1-2 21:36:16-debug: [[Executor]] Module "cce:/internal/x/cc-fu/base" loaded.
2024-1-2 21:36:16-debug: [[Executor]] Module "cce:/internal/x/cc-fu/spine" loaded.
2024-1-2 21:36:16-debug: [[Executor]] Module "cce:/internal/x/cc-fu/gfx-webgl2" loaded.
2024-1-2 21:36:16-debug: [[Executor]] Module "cce:/internal/x/cc-fu/gfx-empty" loaded.
2024-1-2 21:36:16-debug: [[Executor]] Module "cce:/internal/x/cc-fu/skeletal-animation" loaded.
2024-1-2 21:36:16-debug: [[Executor]] Module "cce:/internal/x/cc-fu/2d" loaded.
2024-1-2 21:36:16-debug: [[Executor]] Module "cce:/internal/x/cc-fu/3d" loaded.
2024-1-2 21:36:16-debug: [[Executor]] Module "cce:/internal/x/cc-fu/animation" loaded.
2024-1-2 21:36:16-debug: [[Executor]] Module "cce:/internal/x/cc-fu/sorting" loaded.
2024-1-2 21:36:16-debug: [[Executor]] Module "cce:/internal/x/cc-fu/particle-2d" loaded.
2024-1-2 21:36:16-debug: [[Executor]] Module "cce:/internal/x/cc-fu/ui" loaded.
2024-1-2 21:36:16-debug: [[Executor]] Module "cce:/internal/x/cc-fu/physics-2d-framework" loaded.
2024-1-2 21:36:16-debug: [[Executor]] Module "cce:/internal/x/cc-fu/particle" loaded.
2024-1-2 21:36:16-debug: [[Executor]] Module "cce:/internal/x/cc-fu/physics-framework" loaded.
2024-1-2 21:36:16-debug: [[Executor]] Module "cce:/internal/x/cc-fu/physics-2d-box2d-wasm" loaded.
2024-1-2 21:36:16-debug: [[Executor]] Module "cce:/internal/x/cc-fu/primitive" loaded.
2024-1-2 21:36:16-debug: [[Executor]] Module "cce:/internal/x/cc-fu/intersection-2d" loaded.
2024-1-2 21:36:16-debug: [[Executor]] Module "cce:/internal/x/cc-fu/geometry-renderer" loaded.
2024-1-2 21:36:16-debug: [[Executor]] Module "cce:/internal/x/cc-fu/video" loaded.
2024-1-2 21:36:16-debug: [[Executor]] Module "cce:/internal/x/cc-fu/profiler" loaded.
2024-1-2 21:36:16-debug: [[Executor]] Module "cce:/internal/x/cc-fu/light-probe" loaded.
2024-1-2 21:36:16-debug: [[Executor]] Module "cce:/internal/x/cc-fu/terrain" loaded.
2024-1-2 21:36:16-debug: [[Executor]] Module "cce:/internal/x/cc-fu/audio" loaded.
2024-1-2 21:36:16-debug: [[Executor]] Module "cce:/internal/x/cc-fu/webview" loaded.
2024-1-2 21:36:16-debug: [[Executor]] Module "cce:/internal/x/cc-fu/tiled-map" loaded.
2024-1-2 21:36:16-debug: [[Executor]] Module "cce:/internal/x/cc-fu/xr" loaded.
2024-1-2 21:36:16-debug: [[Executor]] Module "cce:/internal/x/cc-fu/tween" loaded.
2024-1-2 21:36:16-debug: [[Executor]] Module "cce:/internal/x/cc-fu/dragon-bones" loaded.
2024-1-2 21:36:16-debug: [[Executor]] Module "cce:/internal/x/cc-fu/custom-pipeline" loaded.
2024-1-2 21:36:16-debug: [[Executor]] Module "pack:///chunks/93/93ba276ea7b26ffcdc433fab14afc1ed6f05647b.js" loaded.
2024-1-2 21:36:16-debug: [[Executor]] Module "cce:/internal/x/cc-fu/spine" loaded.
2024-1-2 21:36:16-debug: Invalidating 'pack:///chunks/93/93ba276ea7b26ffcdc433fab14afc1ed6f05647b.js'
2024-1-2 21:36:16-debug: [[Executor]] Module "pack:///chunks/93/93ba276ea7b26ffcdc433fab14afc1ed6f05647b.js" loaded.
2024-1-2 21:36:16-debug: D:\CocosCreator\BuildLevel\temp\programming\packer-driver\targets\editor\chunks\6d\6d8fd2b0177941b032ddc0733af48a561fb60657.js resolved to D:\CocosCreator\BuildLevel\temp\programming\packer-driver\targets\editor\chunks\6d\6d8fd2b0177941b032ddc0733af48a561fb60657.js is not in module cache!
2024-1-2 21:36:16-debug: [[Executor]] Module "pack:///chunks/6d/6d8fd2b0177941b032ddc0733af48a561fb60657.js" loaded.
2024-1-2 21:36:16-debug: D:\CocosCreator\BuildLevel\temp\programming\packer-driver\targets\editor\chunks\1f\1f63c291f1dca21280e5dd369fd6ef0d5e004d6b.js resolved to D:\CocosCreator\BuildLevel\temp\programming\packer-driver\targets\editor\chunks\1f\1f63c291f1dca21280e5dd369fd6ef0d5e004d6b.js is not in module cache!
2024-1-2 21:36:16-debug: [[Executor]] Module "pack:///chunks/1f/1f63c291f1dca21280e5dd369fd6ef0d5e004d6b.js" loaded.
2024-1-2 21:36:16-debug: [[Executor]] Register FirstPage
2024-1-2 21:36:16-debug: D:\CocosCreator\BuildLevel\temp\programming\packer-driver\targets\editor\chunks\12\122408b6c88d9d8bd5c477dcc254a8b1638c2a22.js resolved to D:\CocosCreator\BuildLevel\temp\programming\packer-driver\targets\editor\chunks\12\122408b6c88d9d8bd5c477dcc254a8b1638c2a22.js is not in module cache!
2024-1-2 21:36:16-debug: D:\CocosCreator\BuildLevel\temp\programming\packer-driver\targets\editor\chunks\6a\6a5019a719a9014c047e67aa1cf34453ab8392ce.js resolved to D:\CocosCreator\BuildLevel\temp\programming\packer-driver\targets\editor\chunks\6a\6a5019a719a9014c047e67aa1cf34453ab8392ce.js is not in module cache!
2024-1-2 21:36:16-debug: D:\CocosCreator\BuildLevel\temp\programming\packer-driver\targets\editor\chunks\3c\3c85880a343871a61d703ac7058b64fd89398632.js resolved to D:\CocosCreator\BuildLevel\temp\programming\packer-driver\targets\editor\chunks\3c\3c85880a343871a61d703ac7058b64fd89398632.js is not in module cache!
2024-1-2 21:36:16-debug: D:\CocosCreator\BuildLevel\temp\programming\packer-driver\targets\editor\chunks\ca\cab5080b3df4ebfea6b1c6ee11f9c31e454d644a.js resolved to D:\CocosCreator\BuildLevel\temp\programming\packer-driver\targets\editor\chunks\ca\cab5080b3df4ebfea6b1c6ee11f9c31e454d644a.js is not in module cache!
2024-1-2 21:36:16-debug: [[Executor]] Register MapInfo
2024-1-2 21:36:16-debug: [[Executor]] Module "pack:///chunks/3c/3c85880a343871a61d703ac7058b64fd89398632.js" loaded.
2024-1-2 21:36:16-debug: [[Executor]] Module "pack:///chunks/6a/6a5019a719a9014c047e67aa1cf34453ab8392ce.js" loaded.
2024-1-2 21:36:16-debug: [[Executor]] Module "pack:///chunks/12/122408b6c88d9d8bd5c477dcc254a8b1638c2a22.js" loaded.
2024-1-2 21:36:16-debug: [[Executor]] Register Flower
2024-1-2 21:36:16-debug: [[Executor]] Module "pack:///chunks/ca/cab5080b3df4ebfea6b1c6ee11f9c31e454d644a.js" loaded.
2024-1-2 21:36:16-debug: D:\CocosCreator\BuildLevel\temp\programming\packer-driver\targets\editor\chunks\9f\9f32b3373cf4ef7366d576105291627ede1b9ac0.js resolved to D:\CocosCreator\BuildLevel\temp\programming\packer-driver\targets\editor\chunks\9f\9f32b3373cf4ef7366d576105291627ede1b9ac0.js is not in module cache!
2024-1-2 21:36:16-debug: [[Executor]] Register LevelSelect
2024-1-2 21:36:16-debug: [[Executor]] Module "pack:///chunks/9f/9f32b3373cf4ef7366d576105291627ede1b9ac0.js" loaded.
2024-1-2 21:36:16-debug: D:\CocosCreator\BuildLevel\temp\programming\packer-driver\targets\editor\chunks\f2\f25ddcc87c6c7a0c54b58aa26db0fe6113aabca9.js resolved to D:\CocosCreator\BuildLevel\temp\programming\packer-driver\targets\editor\chunks\f2\f25ddcc87c6c7a0c54b58aa26db0fe6113aabca9.js is not in module cache!
2024-1-2 21:36:16-debug: D:\CocosCreator\BuildLevel\temp\programming\packer-driver\targets\editor\chunks\2c\2c806232a00f81e76cf5b9f4026d385d7234a080.js resolved to D:\CocosCreator\BuildLevel\temp\programming\packer-driver\targets\editor\chunks\2c\2c806232a00f81e76cf5b9f4026d385d7234a080.js is not in module cache!
2024-1-2 21:36:16-debug: D:\CocosCreator\BuildLevel\temp\programming\packer-driver\targets\editor\chunks\13\1345ca19769320abeff2476108abc2556b7c0444.js resolved to D:\CocosCreator\BuildLevel\temp\programming\packer-driver\targets\editor\chunks\13\1345ca19769320abeff2476108abc2556b7c0444.js is not in module cache!
2024-1-2 21:36:16-debug: D:\CocosCreator\BuildLevel\temp\programming\packer-driver\targets\editor\chunks\c3\c327788241c72a890a8067f3443c877534ee6685.js resolved to D:\CocosCreator\BuildLevel\temp\programming\packer-driver\targets\editor\chunks\c3\c327788241c72a890a8067f3443c877534ee6685.js is not in module cache!
2024-1-2 21:36:16-debug: D:\CocosCreator\BuildLevel\temp\programming\packer-driver\targets\editor\chunks\17\173f5d95253dc551757a5c20c8f4647b6c2d03d3.js resolved to D:\CocosCreator\BuildLevel\temp\programming\packer-driver\targets\editor\chunks\17\173f5d95253dc551757a5c20c8f4647b6c2d03d3.js is not in module cache!
2024-1-2 21:36:16-debug: D:\CocosCreator\BuildLevel\temp\programming\packer-driver\targets\editor\chunks\2f\2fc15e56c31a87f24f035a52bb3e8a1a74dc3d25.js resolved to D:\CocosCreator\BuildLevel\temp\programming\packer-driver\targets\editor\chunks\2f\2fc15e56c31a87f24f035a52bb3e8a1a74dc3d25.js is not in module cache!
2024-1-2 21:36:16-debug: D:\CocosCreator\BuildLevel\temp\programming\packer-driver\targets\editor\chunks\03\0358fd2ec6fea10d3278f4cab54f27882f431667.js resolved to D:\CocosCreator\BuildLevel\temp\programming\packer-driver\targets\editor\chunks\03\0358fd2ec6fea10d3278f4cab54f27882f431667.js is not in module cache!
2024-1-2 21:36:16-debug: [[Executor]] Register LightPiece
2024-1-2 21:36:16-debug: [[Executor]] Module "pack:///chunks/c3/c327788241c72a890a8067f3443c877534ee6685.js" loaded.
2024-1-2 21:36:16-debug: [[Executor]] Module "pack:///chunks/17/173f5d95253dc551757a5c20c8f4647b6c2d03d3.js" loaded.
2024-1-2 21:36:16-debug: [[Executor]] Register StableMirror
2024-1-2 21:36:16-debug: [[Executor]] Module "pack:///chunks/03/0358fd2ec6fea10d3278f4cab54f27882f431667.js" loaded.
2024-1-2 21:36:16-debug: [[Executor]] Register Obstacle
2024-1-2 21:36:16-debug: [[Executor]] Module "pack:///chunks/2f/2fc15e56c31a87f24f035a52bb3e8a1a74dc3d25.js" loaded.
2024-1-2 21:36:16-debug: [[Executor]] Register MainTheme
2024-1-2 21:36:16-debug: [[Executor]] Module "pack:///chunks/13/1345ca19769320abeff2476108abc2556b7c0444.js" loaded.
2024-1-2 21:36:16-debug: [[Executor]] Module "pack:///chunks/2c/2c806232a00f81e76cf5b9f4026d385d7234a080.js" loaded.
2024-1-2 21:36:16-debug: [[Executor]] Module "pack:///chunks/f2/f25ddcc87c6c7a0c54b58aa26db0fe6113aabca9.js" loaded.
2024-1-2 21:36:16-debug: [[Executor]] Register Mirror
2024-1-2 21:36:16-debug: [[Executor]] Register Light
2024-1-2 21:36:16-debug: D:\CocosCreator\BuildLevel\temp\programming\packer-driver\targets\editor\chunks\5d\5d40ea4b6aa5a39daba4029e53aa55e37ea39b02.js resolved to D:\CocosCreator\BuildLevel\temp\programming\packer-driver\targets\editor\chunks\5d\5d40ea4b6aa5a39daba4029e53aa55e37ea39b02.js is not in module cache!
2024-1-2 21:36:16-debug: [[Executor]] Module "pack:///chunks/5d/5d40ea4b6aa5a39daba4029e53aa55e37ea39b02.js" loaded.
2024-1-2 21:36:16-debug: [[Executor]] Register SceneSwitch
2024-1-2 21:36:16-debug: D:\CocosCreator\BuildLevel\temp\programming\packer-driver\targets\editor\chunks\27\2767f59ce15f054cf02d471805f5e34d95e365ce.js resolved to D:\CocosCreator\BuildLevel\temp\programming\packer-driver\targets\editor\chunks\27\2767f59ce15f054cf02d471805f5e34d95e365ce.js is not in module cache!
2024-1-2 21:36:16-debug: [[Executor]] Register DebugViewRuntimeControl
2024-1-2 21:36:16-debug: [[Executor]] Module "pack:///chunks/27/2767f59ce15f054cf02d471805f5e34d95e365ce.js" loaded.
2024-1-2 21:36:16-debug: Query asset bundle start0%
2024-1-2 21:36:16-debug: [[Executor]] Module "pack:///chunks/6d/6d8fd2b0177941b032ddc0733af48a561fb60657.js" loaded.
2024-1-2 21:36:16-debug: // ---- build task Query asset bundle ----
2024-1-2 21:36:16-debug: Incremental keys: 
2024-1-2 21:36:16-debug: Query preload assets from cc.config.json: 60f7195c-ec2a-45eb-ba94-8955f60e81d0,1c02ae6f-4492-4915-b8f8-7492a3b1e4cd,810e96e4-e456-4468-9b59-f4e8f39732c0,efe8e2a3-eace-427b-b4f1-cb8a937ec77d,e9aa9a3e-5b2b-4ac7-a2c7-073de2b2b24f,8bbdbcdd-5cd4-4100-b6d5-b7c9625b6107,50f4348b-c883-4e2f-8f11-ce233b859fa1,fda095cb-831d-4601-ad94-846013963de8,f92806d7-1768-443f-afe8-12bcde84d0f0,dd3a144d-ab7f-41f0-82b8-2e43a090d496,f0416e68-0200-4b77-a926-4f9d16e494da,970b0598-bcb0-4714-91fb-2e81440dccd8,bcd64cc6-2dd9-43f6-abbe-66318d332032,d930590d-bb92-4cc8-8bd1-23cd027f9edf,a3cd009f-0ab0-420d-9278-b9fdab939bbc,c27215d8-6835-4b68-bfbb-bdeac6100c04,b5d6115f-0370-4d7c-aad3-c194cc71cf98,871c3b6c-7379-419d-bda3-794b239ab90d
2024-1-2 21:36:17-debug: // ---- build task Query asset bundle ---- (26ms)
2024-1-2 21:36:17-debug: run build task Query asset bundle success in 26 ms √5%
2024-1-2 21:36:17-debug: [Build Memory track]: Query asset bundle start:276.48MB, end 279.19MB, increase: 2.71MB
2024-1-2 21:36:17-debug: Query asset bundle start5%
2024-1-2 21:36:17-debug: // ---- build task Query asset bundle ----
2024-1-2 21:36:17-debug: run build task Query asset bundle success in 0 ms √10%
2024-1-2 21:36:17-debug: [Build Memory track]: Query asset bundle start:279.20MB, end 279.22MB, increase: 10.93KB
2024-1-2 21:36:17-debug: Sort some build options to settings.json start10%
2024-1-2 21:36:17-debug: // ---- build task Sort some build options to settings.json ----
2024-1-2 21:36:17-debug: run build task Sort some build options to settings.json success in 0 ms √12%
2024-1-2 21:36:17-debug: [Build Memory track]: Sort some build options to settings.json start:279.23MB, end 279.24MB, increase: 12.96KB
2024-1-2 21:36:17-debug: // ---- build task Fill script data to settings ----
2024-1-2 21:36:17-debug: Fill script data to settings start12%
2024-1-2 21:36:17-debug: run build task Fill script data to settings success in 1 ms √13%
2024-1-2 21:36:17-debug: // ---- build task Fill script data to settings ---- (1ms)
2024-1-2 21:36:17-debug: [Build Memory track]: Fill script data to settings start:279.26MB, end 279.27MB, increase: 15.83KB
2024-1-2 21:36:17-debug: Sort some build options to settings.json start13%
2024-1-2 21:36:17-debug: // ---- build task Sort some build options to settings.json ----
2024-1-2 21:36:17-debug: // ---- build task Sort some build options to settings.json ---- (1ms)
2024-1-2 21:36:17-debug: [Build Memory track]: Sort some build options to settings.json start:279.29MB, end 279.41MB, increase: 127.18KB
2024-1-2 21:36:17-debug: run build task Sort some build options to settings.json success in 1 ms √15%
2024-1-2 21:37:51-debug: refresh db internal success
2024-1-2 21:37:51-debug: refresh db assets success
2024-1-2 21:37:51-debug: Run asset db hook engine-extends:afterRefresh ...
2024-1-2 21:37:51-debug: Run asset db hook engine-extends:afterRefresh success!
2024-1-2 21:37:51-debug: asset-db:refresh-all-database (33ms)
2024-1-2 21:40:31-debug: refresh db internal success
2024-1-2 21:40:31-debug: refresh db assets success
2024-1-2 21:40:31-debug: Run asset db hook engine-extends:afterRefresh ...
2024-1-2 21:40:31-debug: Run asset db hook engine-extends:afterRefresh success!
2024-1-2 21:40:31-debug: asset-db:refresh-all-database (27ms)
2024-1-2 21:48:38-debug: refresh db internal success
2024-1-2 21:48:38-debug: refresh db assets success
2024-1-2 21:48:38-debug: Run asset db hook engine-extends:afterRefresh success!
2024-1-2 21:48:38-debug: Run asset db hook engine-extends:afterRefresh ...
2024-1-2 21:48:38-debug: asset-db:refresh-all-database (26ms)
2024-1-2 22:21:03-debug: refresh db internal success
2024-1-2 22:21:03-debug: refresh db assets success
2024-1-2 22:21:03-debug: Run asset db hook engine-extends:afterRefresh ...
2024-1-2 22:21:03-debug: Run asset db hook engine-extends:afterRefresh success!
2024-1-2 22:21:03-debug: asset-db:refresh-all-database (25ms)
2024-1-2 22:56:58-debug: refresh db internal success
2024-1-2 22:56:58-debug: refresh db assets success
2024-1-2 22:56:58-debug: Run asset db hook engine-extends:afterRefresh ...
2024-1-2 22:56:58-debug: Run asset db hook engine-extends:afterRefresh success!
2024-1-2 22:56:58-debug: asset-db:refresh-all-database (26ms)
